<?xml version="1.0" encoding="UTF-8"?>
<!-- Generated by org.testng.reporters.JUnitReportReporter -->
<testsuite hostname="DavidBala" name="scripts.PriceComparisonTest" tests="1" failures="0" timestamp="1 Feb 2020 19:27:19 GMT" time="14.952" errors="0">
  <testcase name="priceComparisonTest" time="14.952" classname="scripts.PriceComparisonTest"/>
</testsuite> <!-- scripts.PriceComparisonTest -->
