<?xml version="1.0" encoding="UTF-8"?>
<!-- Generated by org.testng.reporters.JUnitReportReporter -->
<testsuite hostname="DavidBala" name="scripts.testingTNG" tests="1" failures="0" timestamp="31 Jan 2020 12:53:22 GMT" time="0.058" errors="0">
  <testcase name="tngtest" time="0.058" classname="scripts.testingTNG"/>
</testsuite> <!-- scripts.testingTNG -->
